
**** Build of configuration Debug for project timer_a_ex1_pwmSingle ****

"C:\\ti\\ccs901\\ccs\\utils\\bin\\gmake" -k -j 8 all -O 
 
Building file: "../timer_a_ex1_pwmSingle.c"
Invoking: MSP430 Compiler
"C:/ti/ccs901/ccs/tools/compiler/ti-cgt-msp430_18.12.1.LTS/bin/cl430" -vmspx --data_model=restricted --use_hw_mpy=F5 --include_path="C:/ti/ccs901/ccs/ccs_base/msp430/include" --include_path="C:/Users/migeo/OneDrive - University of Waterloo/2B/ECE298/bike_radar/timer_a_ex1_pwmSingle" --include_path="C:/Users/migeo/OneDrive - University of Waterloo/2B/ECE298/bike_radar/timer_a_ex1_pwmSingle/driverlib/MSP430F5xx_6xx" --include_path="C:/ti/ccs901/ccs/tools/compiler/ti-cgt-msp430_18.12.1.LTS/include" --advice:power="none" --define=__MSP430F5529__ --define=DEPRECATED -g --printf_support=minimal --diag_warning=225 --diag_wrap=off --display_error_number --silicon_errata=CPU21 --silicon_errata=CPU22 --silicon_errata=CPU23 --silicon_errata=CPU40 --preproc_with_compile --preproc_dependency="timer_a_ex1_pwmSingle.d_raw"  "../timer_a_ex1_pwmSingle.c"
 
>> Compilation failure
subdir_rules.mk:9: recipe for target 'timer_a_ex1_pwmSingle.obj' failed
"C:/ti/ccs901/ccs/ccs_base/msp430/include/msp430fr4133.h", line 512: warning #48-D: incompatible redefinition of macro "__MSP430_BASEADDRESS_CRC__" (declared at line 922 of "C:\ti\ccs901\ccs\ccs_base\msp430\include\msp430f5529.h")
"C:/ti/ccs901/ccs/ccs_base/msp430/include/msp430fr4133.h", line 564: warning #48-D: incompatible redefinition of macro "DCO0" (declared at line 3832 of "C:\ti\ccs901\ccs\ccs_base\msp430\include\msp430f5529.h")
"C:/ti/ccs901/ccs/ccs_base/msp430/include/msp430fr4133.h", line 565: warning #48-D: incompatible redefinition of macro "DCO1" (declared at line 3833 of "C:\ti\ccs901\ccs\ccs_base\msp430\include\msp430f5529.h")
"C:/ti/ccs901/ccs/ccs_base/msp430/include/msp430fr4133.h", line 566: warning #48-D: incompatible redefinition of macro "DCO2" (declared at line 3834 of "C:\ti\ccs901\ccs\ccs_base\msp430\include\msp430f5529.h")
"C:/ti/ccs901/ccs/ccs_base/msp430/include/msp430fr4133.h", line 567: warning #48-D: incompatible redefinition of macro "DCO3" (declared at line 3835 of "C:\ti\ccs901\ccs\ccs_base\msp430\include\msp430f5529.h")
"C:/ti/ccs901/ccs/ccs_base/msp430/include/msp430fr4133.h", line 568: warning #48-D: incompatible redefinition of macro "DCO4" (declared at line 3836 of "C:\ti\ccs901\ccs\ccs_base\msp430\include\msp430f5529.h")
"C:/ti/ccs901/ccs/ccs_base/msp430/include/msp430fr4133.h", line 573: warning #48-D: incompatible redefinition of macro "MOD0" (declared at line 3827 of "C:\ti\ccs901\ccs\ccs_base\msp430\include\msp430f5529.h")
"C:/ti/ccs901/ccs/ccs_base/msp430/include/msp430fr4133.h", line 574: warning #48-D: incompatible redefinition of macro "MOD1" (declared at line 3828 of "C:\ti\ccs901\ccs\ccs_base\msp430\include\msp430f5529.h")
"C:/ti/ccs901/ccs/ccs_base/msp430/include/msp430fr4133.h", line 575: warning #48-D: incompatible redefinition of macro "MOD2" (declared at line 3829 of "C:\ti\ccs901\ccs\ccs_base\msp430\include\msp430f5529.h")
"C:/ti/ccs901/ccs/ccs_base/msp430/include/msp430fr4133.h", line 576: warning #48-D: incompatible redefinition of macro "MOD3" (declared at line 3830 of "C:\ti\ccs901\ccs\ccs_base\msp430\include\msp430f5529.h")
"C:/ti/ccs901/ccs/ccs_base/msp430/include/msp430fr4133.h", line 577: warning #48-D: incompatible redefinition of macro "MOD4" (declared at line 3831 of "C:\ti\ccs901\ccs\ccs_base\msp430\include\msp430f5529.h")
"C:/ti/ccs901/ccs/ccs_base/msp430/include/msp430fr4133.h", line 599: warning #48-D: incompatible redefinition of macro "DCORSEL0" (declared at line 3872 of "C:\ti\ccs901\ccs\ccs_base\msp430\include\msp430f5529.h")
"C:/ti/ccs901/ccs/ccs_base/msp430/include/msp430fr4133.h", line 600: warning #48-D: incompatible redefinition of macro "DCORSEL1" (declared at line 3873 of "C:\ti\ccs901\ccs\ccs_base\msp430\include\msp430f5529.h")
"C:/ti/ccs901/ccs/ccs_base/msp430/include/msp430fr4133.h", line 601: warning #48-D: incompatible redefinition of macro "DCORSEL2" (declared at line 3874 of "C:\ti\ccs901\ccs\ccs_base\msp430\include\msp430f5529.h")
"C:/ti/ccs901/ccs/ccs_base/msp430/include/msp430fr4133.h", line 609: warning #48-D: incompatible redefinition of macro "DCORSEL0_L" (declared at line 3890 of "C:\ti\ccs901\ccs\ccs_base\msp430\include\msp430f5529.h")
"C:/ti/ccs901/ccs/ccs_base/msp430/include/msp430fr4133.h", line 610: warning #48-D: incompatible redefinition of macro "DCORSEL1_L" (declared at line 3891 of "C:\ti\ccs901\ccs\ccs_base\msp430\include\msp430f5529.h")
"C:/ti/ccs901/ccs/ccs_base/msp430/include/msp430fr4133.h", line 611: warning #48-D: incompatible redefinition of macro "DCORSEL2_L" (declared at line 3892 of "C:\ti\ccs901\ccs\ccs_base\msp430\include\msp430f5529.h")
"C:/ti/ccs901/ccs/ccs_base/msp430/include/msp430fr4133.h", line 618: warning #48-D: incompatible redefinition of macro "DCORSEL_1" (declared at line 3904 of "C:\ti\ccs901\ccs\ccs_base\msp430\include\msp430f5529.h")
"C:/ti/ccs901/ccs/ccs_base/msp430/include/msp430fr4133.h", line 619: warning #48-D: incompatible redefinition of macro "DCORSEL_2" (declared at line 3905 of "C:\ti\ccs901\ccs\ccs_base\msp430\include\msp430f5529.h")
"C:/ti/ccs901/ccs/ccs_base/msp430/include/msp430fr4133.h", line 620: warning #48-D: incompatible redefinition of macro "DCORSEL_3" (declared at line 3906 of "C:\ti\ccs901\ccs\ccs_base\msp430\include\msp430f5529.h")
"C:/ti/ccs901/ccs/ccs_base/msp430/include/msp430fr4133.h", line 621: warning #48-D: incompatible redefinition of macro "DCORSEL_4" (declared at line 3907 of "C:\ti\ccs901\ccs\ccs_base\msp430\include\msp430f5529.h")
"C:/ti/ccs901/ccs/ccs_base/msp430/include/msp430fr4133.h", line 622: warning #48-D: incompatible redefinition of macro "DCORSEL_5" (declared at line 3908 of "C:\ti\ccs901\ccs\ccs_base\msp430\include\msp430f5529.h")
"C:/ti/ccs901/ccs/ccs_base/msp430/include/msp430fr4133.h", line 623: warning #48-D: incompatible redefinition of macro "DCORSEL_6" (declared at line 3909 of "C:\ti\ccs901\ccs\ccs_base\msp430\include\msp430f5529.h")
"C:/ti/ccs901/ccs/ccs_base/msp430/include/msp430fr4133.h", line 624: warning #48-D: incompatible redefinition of macro "DCORSEL_7" (declared at line 3910 of "C:\ti\ccs901\ccs\ccs_base\msp430\include\msp430f5529.h")
"C:/ti/ccs901/ccs/ccs_base/msp430/include/msp430fr4133.h", line 715: warning #48-D: incompatible redefinition of macro "SELREF__REFOCLK" (declared at line 4027 of "C:\ti\ccs901\ccs\ccs_base\msp430\include\msp430f5529.h")
"C:/ti/ccs901/ccs/ccs_base/msp430/include/msp430fr4133.h", line 745: warning #48-D: incompatible redefinition of macro "SELA__REFOCLK" (declared at line 4115 of "C:\ti\ccs901\ccs\ccs_base\msp430\include\msp430f5529.h")
"C:/ti/ccs901/ccs/ccs_base/msp430/include/msp430fr4133.h", line 753: warning #48-D: incompatible redefinition of macro "SMCLKOFF" (declared at line 4224 of "C:\ti\ccs901\ccs\ccs_base\msp430\include\msp430f5529.h")
"C:/ti/ccs901/ccs/ccs_base/msp430/include/msp430fr4133.h", line 1619: warning #48-D: incompatible redefinition of macro "PMM_BASE" (declared at line 1874 of "C:\ti\ccs901\ccs\ccs_base\msp430\include\msp430f5529.h")
"C:/ti/ccs901/ccs/ccs_base/msp430/include/msp430fr4133.h", line 1647: warning #48-D: incompatible redefinition of macro "SVSHE" (declared at line 1945 of "C:\ti\ccs901\ccs\ccs_base\msp430\include\msp430f5529.h")
"C:/ti/ccs901/ccs/ccs_base/msp430/include/msp430fr4133.h", line 1685: warning #48-D: incompatible redefinition of macro "SVSHIFG" (declared at line 2057 of "C:\ti\ccs901\ccs\ccs_base\msp430\include\msp430f5529.h")
"C:/ti/ccs901/ccs/ccs_base/msp430/include/msp430fr4133.h", line 1692: warning #48-D: incompatible redefinition of macro "SVSHIFG_H" (declared at line 2073 of "C:\ti\ccs901\ccs\ccs_base\msp430\include\msp430f5529.h")
"C:/ti/ccs901/ccs/ccs_base/msp430/include/msp430fr4133.h", line 1935: warning #48-D: incompatible redefinition of macro "__MSP430_BASEADDRESS_RTC__" (declared at line 2204 of "C:\ti\ccs901\ccs\ccs_base\msp430\include\msp430f5529.h")
"C:/ti/ccs901/ccs/ccs_base/msp430/include/msp430fr4133.h", line 2072: warning #48-D: incompatible redefinition of macro "__MSP430_BASEADDRESS_SYS__" (declared at line 2571 of "C:\ti\ccs901\ccs\ccs_base\msp430\include\msp430f5529.h")
"C:/ti/ccs901/ccs/ccs_base/msp430/include/msp430fr4133.h", line 2305: warning #48-D: incompatible redefinition of macro "SYSSNIV_VMAIFG" (declared at line 2745 of "C:\ti\ccs901\ccs\ccs_base\msp430\include\msp430f5529.h")
"C:/ti/ccs901/ccs/ccs_base/msp430/include/msp430fr4133.h", line 2306: warning #48-D: incompatible redefinition of macro "SYSSNIV_JMBINIFG" (declared at line 2746 of "C:\ti\ccs901\ccs\ccs_base\msp430\include\msp430f5529.h")
"C:/ti/ccs901/ccs/ccs_base/msp430/include/msp430fr4133.h", line 2307: warning #48-D: incompatible redefinition of macro "SYSSNIV_JMBOUTIFG" (declared at line 2747 of "C:\ti\ccs901\ccs\ccs_base\msp430\include\msp430f5529.h")
"C:/ti/ccs901/ccs/ccs_base/msp430/include/msp430fr4133.h", line 2337: warning #48-D: incompatible redefinition of macro "TIMER_A0_BASE" (declared at line 2775 of "C:\ti\ccs901\ccs\ccs_base\msp430\include\msp430f5529.h")
"C:/ti/ccs901/ccs/ccs_base/msp430/include/msp430fr4133.h", line 2454: warning #48-D: incompatible redefinition of macro "__MSP430_BASEADDRESS_T1A3__" (declared at line 2898 of "C:\ti\ccs901\ccs\ccs_base\msp430\include\msp430f5529.h")
"C:/ti/ccs901/ccs/ccs_base/msp430/include/msp430fr4133.h", line 2509: error #148: declaration is incompatible with "volatile unsigned char UCA0RXBUF" (declared at line 4368 of "C:\ti\ccs901\ccs\ccs_base\msp430\include\msp430f5529.h")
"C:/ti/ccs901/ccs/ccs_base/msp430/include/msp430fr4133.h", line 2512: error #148: declaration is incompatible with "volatile unsigned char UCA0TXBUF" (declared at line 4369 of "C:\ti\ccs901\ccs\ccs_base\msp430\include\msp430f5529.h")
"C:/ti/ccs901/ccs/ccs_base/msp430/include/msp430fr4133.h", line 2521: error #148: declaration is incompatible with "volatile unsigned char UCA0ICTL_L" (declared at line 4377 of "C:\ti\ccs901\ccs\ccs_base\msp430\include\msp430f5529.h")
"C:/ti/ccs901/ccs/ccs_base/msp430/include/msp430fr4133.h", line 2524: error #148: declaration is incompatible with "volatile unsigned char UCA0ICTL_H" (declared at line 4378 of "C:\ti\ccs901\ccs\ccs_base\msp430\include\msp430f5529.h")
"C:/ti/ccs901/ccs/ccs_base/msp430/include/msp430fr4133.h", line 2559: error #148: declaration is incompatible with "volatile unsigned char UCB0RXBUF" (declared at line 4403 of "C:\ti\ccs901\ccs\ccs_base\msp430\include\msp430f5529.h")
"C:/ti/ccs901/ccs/ccs_base/msp430/include/msp430fr4133.h", line 2562: error #148: declaration is incompatible with "volatile unsigned char UCB0TXBUF" (declared at line 4404 of "C:\ti\ccs901\ccs\ccs_base\msp430\include\msp430f5529.h")
"C:/ti/ccs901/ccs/ccs_base/msp430/include/msp430fr4133.h", line 2586: error #148: declaration is incompatible with "volatile unsigned char UCB0ICTL_L" (declared at line 4412 of "C:\ti\ccs901\ccs\ccs_base\msp430\include\msp430f5529.h")
"C:/ti/ccs901/ccs/ccs_base/msp430/include/msp430fr4133.h", line 2589: error #148: declaration is incompatible with "volatile unsigned char UCB0ICTL_H" (declared at line 4413 of "C:\ti\ccs901\ccs\ccs_base\msp430\include\msp430f5529.h")
"C:/ti/ccs901/ccs/ccs_base/msp430/include/msp430fr4133.h", line 2595: warning #48-D: incompatible redefinition of macro "UCPEN" (declared at line 4419 of "C:\ti\ccs901\ccs\ccs_base\msp430\include\msp430f5529.h")
"C:/ti/ccs901/ccs/ccs_base/msp430/include/msp430fr4133.h", line 2596: warning #48-D: incompatible redefinition of macro "UCPAR" (declared at line 4420 of "C:\ti\ccs901\ccs\ccs_base\msp430\include\msp430f5529.h")
"C:/ti/ccs901/ccs/ccs_base/msp430/include/msp430fr4133.h", line 2597: warning #48-D: incompatible redefinition of macro "UCMSB" (declared at line 4421 of "C:\ti\ccs901\ccs\ccs_base\msp430\include\msp430f5529.h")
"C:/ti/ccs901/ccs/ccs_base/msp430/include/msp430fr4133.h", line 2598: warning #48-D: incompatible redefinition of macro "UC7BIT" (declared at line 4422 of "C:\ti\ccs901\ccs\ccs_base\msp430\include\msp430f5529.h")
"C:/ti/ccs901/ccs/ccs_base/msp430/include/msp430fr4133.h", line 2599: warning #48-D: incompatible redefinition of macro "UCSPB" (declared at line 4423 of "C:\ti\ccs901\ccs\ccs_base\msp430\include\msp430f5529.h")
"C:/ti/ccs901/ccs/ccs_base/msp430/include/msp430fr4133.h", line 2600: warning #48-D: incompatible redefinition of macro "UCMODE1" (declared at line 4424 of "C:\ti\ccs901\ccs\ccs_base\msp430\include\msp430f5529.h")
"C:/ti/ccs901/ccs/ccs_base/msp430/include/msp430fr4133.h", line 2601: warning #48-D: incompatible redefinition of macro "UCMODE0" (declared at line 4425 of "C:\ti\ccs901\ccs\ccs_base\msp430\include\msp430f5529.h")
"C:/ti/ccs901/ccs/ccs_base/msp430/include/msp430fr4133.h", line 2602: warning #48-D: incompatible redefinition of macro "UCSYNC" (declared at line 4426 of "C:\ti\ccs901\ccs\ccs_base\msp430\include\msp430f5529.h")
"C:/ti/ccs901/ccs/ccs_base/msp430/include/msp430fr4133.h", line 2603: warning #48-D: incompatible redefinition of macro "UCSSEL1" (declared at line 4444 of "C:\ti\ccs901\ccs\ccs_base\msp430\include\msp430f5529.h")
"C:/ti/ccs901/ccs/ccs_base/msp430/include/msp430fr4133.h", line 2604: warning #48-D: incompatible redefinition of macro "UCSSEL0" (declared at line 4445 of "C:\ti\ccs901\ccs\ccs_base\msp430\include\msp430f5529.h")
"C:/ti/ccs901/ccs/ccs_base/msp430/include/msp430fr4133.h", line 2605: warning #48-D: incompatible redefinition of macro "UCRXEIE" (declared at line 4446 of "C:\ti\ccs901\ccs\ccs_base\msp430\include\msp430f5529.h")
"C:/ti/ccs901/ccs/ccs_base/msp430/include/msp430fr4133.h", line 2606: warning #48-D: incompatible redefinition of macro "UCBRKIE" (declared at line 4447 of "C:\ti\ccs901\ccs\ccs_base\msp430\include\msp430f5529.h")
"C:/ti/ccs901/ccs/ccs_base/msp430/include/msp430fr4133.h", line 2607: warning #48-D: incompatible redefinition of macro "UCDORM" (declared at line 4448 of "C:\ti\ccs901\ccs\ccs_base\msp430\include\msp430f5529.h")
"C:/ti/ccs901/ccs/ccs_base/msp430/include/msp430fr4133.h", line 2608: warning #48-D: incompatible redefinition of macro "UCTXADDR" (declared at line 4449 of "C:\ti\ccs901\ccs\ccs_base\msp430\include\msp430f5529.h")
"C:/ti/ccs901/ccs/ccs_base/msp430/include/msp430fr4133.h", line 2609: warning #48-D: incompatible redefinition of macro "UCTXBRK" (declared at line 4450 of "C:\ti\ccs901\ccs\ccs_base\msp430\include\msp430f5529.h")
"C:/ti/ccs901/ccs/ccs_base/msp430/include/msp430fr4133.h", line 2610: warning #48-D: incompatible redefinition of macro "UCSWRST" (declared at line 4451 of "C:\ti\ccs901\ccs\ccs_base\msp430\include\msp430f5529.h")
"C:/ti/ccs901/ccs/ccs_base/msp430/include/msp430fr4133.h", line 2633: warning #48-D: incompatible redefinition of macro "UCCKPH" (declared at line 4429 of "C:\ti\ccs901\ccs\ccs_base\msp430\include\msp430f5529.h")
"C:/ti/ccs901/ccs/ccs_base/msp430/include/msp430fr4133.h", line 2634: warning #48-D: incompatible redefinition of macro "UCCKPL" (declared at line 4430 of "C:\ti\ccs901\ccs\ccs_base\msp430\include\msp430f5529.h")
"C:/ti/ccs901/ccs/ccs_base/msp430/include/msp430fr4133.h", line 2635: warning #48-D: incompatible redefinition of macro "UCMST" (declared at line 4431 of "C:\ti\ccs901\ccs\ccs_base\msp430\include\msp430f5529.h")
"C:/ti/ccs901/ccs/ccs_base/msp430/include/msp430fr4133.h", line 2643: warning #48-D: incompatible redefinition of macro "UCA10" (declared at line 4434 of "C:\ti\ccs901\ccs\ccs_base\msp430\include\msp430f5529.h")
"C:/ti/ccs901/ccs/ccs_base/msp430/include/msp430fr4133.h", line 2644: warning #48-D: incompatible redefinition of macro "UCSLA10" (declared at line 4435 of "C:\ti\ccs901\ccs\ccs_base\msp430\include\msp430f5529.h")
"C:/ti/ccs901/ccs/ccs_base/msp430/include/msp430fr4133.h", line 2645: warning #48-D: incompatible redefinition of macro "UCMM" (declared at line 4436 of "C:\ti\ccs901\ccs\ccs_base\msp430\include\msp430f5529.h")
"C:/ti/ccs901/ccs/ccs_base/msp430/include/msp430fr4133.h", line 2649: warning #48-D: incompatible redefinition of macro "UCTR" (declared at line 4462 of "C:\ti\ccs901\ccs\ccs_base\msp430\include\msp430f5529.h")
"C:/ti/ccs901/ccs/ccs_base/msp430/include/msp430fr4133.h", line 2650: warning #48-D: incompatible redefinition of macro "UCTXNACK" (declared at line 4463 of "C:\ti\ccs901\ccs\ccs_base\msp430\include\msp430f5529.h")
"C:/ti/ccs901/ccs/ccs_base/msp430/include/msp430fr4133.h", line 2651: warning #48-D: incompatible redefinition of macro "UCTXSTP" (declared at line 4464 of "C:\ti\ccs901\ccs\ccs_base\msp430\include\msp430f5529.h")
"C:/ti/ccs901/ccs/ccs_base/msp430/include/msp430fr4133.h", line 2652: warning #48-D: incompatible redefinition of macro "UCTXSTT" (declared at line 4465 of "C:\ti\ccs901\ccs\ccs_base\msp430\include\msp430f5529.h")
"C:/ti/ccs901/ccs/ccs_base/msp430/include/msp430fr4133.h", line 2670: warning #48-D: incompatible redefinition of macro "UCMODE_0" (declared at line 4438 of "C:\ti\ccs901\ccs\ccs_base\msp430\include\msp430f5529.h")
"C:/ti/ccs901/ccs/ccs_base/msp430/include/msp430fr4133.h", line 2671: warning #48-D: incompatible redefinition of macro "UCMODE_1" (declared at line 4439 of "C:\ti\ccs901\ccs\ccs_base\msp430\include\msp430f5529.h")
"C:/ti/ccs901/ccs/ccs_base/msp430/include/msp430fr4133.h", line 2672: warning #48-D: incompatible redefinition of macro "UCMODE_2" (declared at line 4440 of "C:\ti\ccs901\ccs\ccs_base\msp430\include\msp430f5529.h")
"C:/ti/ccs901/ccs/ccs_base/msp430/include/msp430fr4133.h", line 2673: warning #48-D: incompatible redefinition of macro "UCMODE_3" (declared at line 4441 of "C:\ti\ccs901\ccs\ccs_base\msp430\include\msp430f5529.h")
"C:/ti/ccs901/ccs/ccs_base/msp430/include/msp430fr4133.h", line 2675: warning #48-D: incompatible redefinition of macro "UCSSEL_0" (declared at line 4466 of "C:\ti\ccs901\ccs\ccs_base\msp430\include\msp430f5529.h")
"C:/ti/ccs901/ccs/ccs_base/msp430/include/msp430fr4133.h", line 2676: warning #48-D: incompatible redefinition of macro "UCSSEL_1" (declared at line 4467 of "C:\ti\ccs901\ccs\ccs_base\msp430\include\msp430f5529.h")
"C:/ti/ccs901/ccs/ccs_base/msp430/include/msp430fr4133.h", line 2677: warning #48-D: incompatible redefinition of macro "UCSSEL_2" (declared at line 4468 of "C:\ti\ccs901\ccs\ccs_base\msp430\include\msp430f5529.h")
"C:/ti/ccs901/ccs/ccs_base/msp430/include/msp430fr4133.h", line 2678: warning #48-D: incompatible redefinition of macro "UCSSEL_3" (declared at line 4469 of "C:\ti\ccs901\ccs\ccs_base\msp430\include\msp430f5529.h")
"C:/ti/ccs901/ccs/ccs_base/msp430/include/msp430fr4133.h", line 2679: warning #48-D: incompatible redefinition of macro "UCSSEL__UCLK" (declared at line 4470 of "C:\ti\ccs901\ccs\ccs_base\msp430\include\msp430f5529.h")
"C:/ti/ccs901/ccs/ccs_base/msp430/include/msp430fr4133.h", line 2681: warning #48-D: incompatible redefinition of macro "UCSSEL__SMCLK" (declared at line 4472 of "C:\ti\ccs901\ccs\ccs_base\msp430\include\msp430f5529.h")
"C:/ti/ccs901/ccs/ccs_base/msp430/include/msp430fr4133.h", line 2736: warning #48-D: incompatible redefinition of macro "UCBRS2" (declared at line 4479 of "C:\ti\ccs901\ccs\ccs_base\msp430\include\msp430f5529.h")
"C:/ti/ccs901/ccs/ccs_base/msp430/include/msp430fr4133.h", line 2737: warning #48-D: incompatible redefinition of macro "UCBRS1" (declared at line 4480 of "C:\ti\ccs901\ccs\ccs_base\msp430\include\msp430f5529.h")
"C:/ti/ccs901/ccs/ccs_base/msp430/include/msp430fr4133.h", line 2738: warning #48-D: incompatible redefinition of macro "UCBRS0" (declared at line 4481 of "C:\ti\ccs901\ccs\ccs_base\msp430\include\msp430f5529.h")
"C:/ti/ccs901/ccs/ccs_base/msp430/include/msp430fr4133.h", line 2739: warning #48-D: incompatible redefinition of macro "UCBRF3" (declared at line 4475 of "C:\ti\ccs901\ccs\ccs_base\msp430\include\msp430f5529.h")
"C:/ti/ccs901/ccs/ccs_base/msp430/include/msp430fr4133.h", line 2740: warning #48-D: incompatible redefinition of macro "UCBRF2" (declared at line 4476 of "C:\ti\ccs901\ccs\ccs_base\msp430\include\msp430f5529.h")
"C:/ti/ccs901/ccs/ccs_base/msp430/include/msp430fr4133.h", line 2741: warning #48-D: incompatible redefinition of macro "UCBRF1" (declared at line 4477 of "C:\ti\ccs901\ccs\ccs_base\msp430\include\msp430f5529.h")
"C:/ti/ccs901/ccs/ccs_base/msp430/include/msp430fr4133.h", line 2742: warning #48-D: incompatible redefinition of macro "UCBRF0" (declared at line 4478 of "C:\ti\ccs901\ccs\ccs_base\msp430\include\msp430f5529.h")
"C:/ti/ccs901/ccs/ccs_base/msp430/include/msp430fr4133.h", line 2743: warning #48-D: incompatible redefinition of macro "UCOS16" (declared at line 4482 of "C:\ti\ccs901\ccs\ccs_base\msp430\include\msp430f5529.h")
"C:/ti/ccs901/ccs/ccs_base/msp430/include/msp430fr4133.h", line 2780: warning #48-D: incompatible redefinition of macro "UCLISTEN" (declared at line 4511 of "C:\ti\ccs901\ccs\ccs_base\msp430\include\msp430f5529.h")
"C:/ti/ccs901/ccs/ccs_base/msp430/include/msp430fr4133.h", line 2781: warning #48-D: incompatible redefinition of macro "UCFE" (declared at line 4512 of "C:\ti\ccs901\ccs\ccs_base\msp430\include\msp430f5529.h")
"C:/ti/ccs901/ccs/ccs_base/msp430/include/msp430fr4133.h", line 2782: warning #48-D: incompatible redefinition of macro "UCOE" (declared at line 4513 of "C:\ti\ccs901\ccs\ccs_base\msp430\include\msp430f5529.h")
"C:/ti/ccs901/ccs/ccs_base/msp430/include/msp430fr4133.h", line 2783: warning #48-D: incompatible redefinition of macro "UCPE" (declared at line 4514 of "C:\ti\ccs901\ccs\ccs_base\msp430\include\msp430f5529.h")
"C:/ti/ccs901/ccs/ccs_base/msp430/include/msp430fr4133.h", line 2784: warning #48-D: incompatible redefinition of macro "UCBRK" (declared at line 4515 of "C:\ti\ccs901\ccs\ccs_base\msp430\include\msp430f5529.h")
"C:/ti/ccs901/ccs/ccs_base/msp430/include/msp430fr4133.h", line 2785: warning #48-D: incompatible redefinition of macro "UCRXERR" (declared at line 4516 of "C:\ti\ccs901\ccs\ccs_base\msp430\include\msp430f5529.h")
"C:/ti/ccs901/ccs/ccs_base/msp430/include/msp430fr4133.h", line 2786: warning #48-D: incompatible redefinition of macro "UCADDR" (declared at line 4517 of "C:\ti\ccs901\ccs\ccs_base\msp430\include\msp430f5529.h")
"C:/ti/ccs901/ccs/ccs_base/msp430/include/msp430fr4133.h", line 2787: warning #48-D: incompatible redefinition of macro "UCBUSY" (declared at line 4518 of "C:\ti\ccs901\ccs\ccs_base\msp430\include\msp430f5529.h")
"C:/ti/ccs901/ccs/ccs_base/msp430/include/msp430fr4133.h", line 2788: warning #48-D: incompatible redefinition of macro "UCIDLE" (declared at line 4519 of "C:\ti\ccs901\ccs\ccs_base\msp430\include\msp430f5529.h")
"C:/ti/ccs901/ccs/ccs_base/msp430/include/msp430fr4133.h", line 2799: warning #48-D: incompatible redefinition of macro "UCSCLLOW" (declared at line 4522 of "C:\ti\ccs901\ccs\ccs_base\msp430\include\msp430f5529.h")
"C:/ti/ccs901/ccs/ccs_base/msp430/include/msp430fr4133.h", line 2800: warning #48-D: incompatible redefinition of macro "UCGC" (declared at line 4523 of "C:\ti\ccs901\ccs\ccs_base\msp430\include\msp430f5529.h")
"C:/ti/ccs901/ccs/ccs_base/msp430/include/msp430fr4133.h", line 2801: warning #48-D: incompatible redefinition of macro "UCBBUSY" (declared at line 4524 of "C:\ti\ccs901\ccs\ccs_base\msp430\include\msp430f5529.h")
"C:/ti/ccs901/ccs/ccs_base/msp430/include/msp430fr4133.h", line 2814: warning #48-D: incompatible redefinition of macro "UCIRRXFL5" (declared at line 4537 of "C:\ti\ccs901\ccs\ccs_base\msp430\include\msp430f5529.h")
"C:/ti/ccs901/ccs/ccs_base/msp430/include/msp430fr4133.h", line 2815: warning #48-D: incompatible redefinition of macro "UCIRRXFL4" (declared at line 4538 of "C:\ti\ccs901\ccs\ccs_base\msp430\include\msp430f5529.h")
"C:/ti/ccs901/ccs/ccs_base/msp430/include/msp430fr4133.h", line 2816: warning #48-D: incompatible redefinition of macro "UCIRRXFL3" (declared at line 4539 of "C:\ti\ccs901\ccs\ccs_base\msp430\include\msp430f5529.h")
"C:/ti/ccs901/ccs/ccs_base/msp430/include/msp430fr4133.h", line 2817: warning #48-D: incompatible redefinition of macro "UCIRRXFL2" (declared at line 4540 of "C:\ti\ccs901\ccs\ccs_base\msp430\include\msp430f5529.h")
"C:/ti/ccs901/ccs/ccs_base/msp430/include/msp430fr4133.h", line 2818: warning #48-D: incompatible redefinition of macro "UCIRRXFL1" (declared at line 4541 of "C:\ti\ccs901\ccs\ccs_base\msp430\include\msp430f5529.h")
"C:/ti/ccs901/ccs/ccs_base/msp430/include/msp430fr4133.h", line 2819: warning #48-D: incompatible redefinition of macro "UCIRRXFL0" (declared at line 4542 of "C:\ti\ccs901\ccs\ccs_base\msp430\include\msp430f5529.h")
"C:/ti/ccs901/ccs/ccs_base/msp430/include/msp430fr4133.h", line 2820: warning #48-D: incompatible redefinition of macro "UCIRRXPL" (declared at line 4543 of "C:\ti\ccs901\ccs\ccs_base\msp430\include\msp430f5529.h")
"C:/ti/ccs901/ccs/ccs_base/msp430/include/msp430fr4133.h", line 2821: warning #48-D: incompatible redefinition of macro "UCIRRXFE" (declared at line 4544 of "C:\ti\ccs901\ccs\ccs_base\msp430\include\msp430f5529.h")
"C:/ti/ccs901/ccs/ccs_base/msp430/include/msp430fr4133.h", line 2822: warning #48-D: incompatible redefinition of macro "UCIRTXPL5" (declared at line 4527 of "C:\ti\ccs901\ccs\ccs_base\msp430\include\msp430f5529.h")
"C:/ti/ccs901/ccs/ccs_base/msp430/include/msp430fr4133.h", line 2823: warning #48-D: incompatible redefinition of macro "UCIRTXPL4" (declared at line 4528 of "C:\ti\ccs901\ccs\ccs_base\msp430\include\msp430f5529.h")
"C:/ti/ccs901/ccs/ccs_base/msp430/include/msp430fr4133.h", line 2824: warning #48-D: incompatible redefinition of macro "UCIRTXPL3" (declared at line 4529 of "C:\ti\ccs901\ccs\ccs_base\msp430\include\msp430f5529.h")
"C:/ti/ccs901/ccs/ccs_base/msp430/include/msp430fr4133.h", line 2825: warning #48-D: incompatible redefinition of macro "UCIRTXPL2" (declared at line 4530 of "C:\ti\ccs901\ccs\ccs_base\msp430\include\msp430f5529.h")
"C:/ti/ccs901/ccs/ccs_base/msp430/include/msp430fr4133.h", line 2826: warning #48-D: incompatible redefinition of macro "UCIRTXPL1" (declared at line 4531 of "C:\ti\ccs901\ccs\ccs_base\msp430\include\msp430f5529.h")
"C:/ti/ccs901/ccs/ccs_base/msp430/include/msp430fr4133.h", line 2827: warning #48-D: incompatible redefinition of macro "UCIRTXPL0" (declared at line 4532 of "C:\ti\ccs901\ccs\ccs_base\msp430\include\msp430f5529.h")
"C:/ti/ccs901/ccs/ccs_base/msp430/include/msp430fr4133.h", line 2828: warning #48-D: incompatible redefinition of macro "UCIRTXCLK" (declared at line 4533 of "C:\ti\ccs901\ccs\ccs_base\msp430\include\msp430f5529.h")
"C:/ti/ccs901/ccs/ccs_base/msp430/include/msp430fr4133.h", line 2829: warning #48-D: incompatible redefinition of macro "UCIREN" (declared at line 4534 of "C:\ti\ccs901\ccs\ccs_base\msp430\include\msp430f5529.h")
"C:/ti/ccs901/ccs/ccs_base/msp430/include/msp430fr4133.h", line 3081: warning #48-D: incompatible redefinition of macro "__MSP430_BASEADDRESS_WDT_A__" (declared at line 4718 of "C:\ti\ccs901\ccs\ccs_base\msp430\include\msp430f5529.h")
"C:/ti/ccs901/ccs/ccs_base/msp430/include/msp430fr4133.h", line 3210: warning #48-D: incompatible redefinition of macro "PORT2_VECTOR" (declared at line 4845 of "C:\ti\ccs901\ccs\ccs_base\msp430\include\msp430f5529.h")
"C:/ti/ccs901/ccs/ccs_base/msp430/include/msp430fr4133.h", line 3225: warning #48-D: incompatible redefinition of macro "USCI_B0_VECTOR" (declared at line 4910 of "C:\ti\ccs901\ccs\ccs_base\msp430\include\msp430f5529.h")
"C:/ti/ccs901/ccs/ccs_base/msp430/include/msp430fr4133.h", line 3230: warning #48-D: incompatible redefinition of macro "USCI_A0_VECTOR" (declared at line 4915 of "C:\ti\ccs901\ccs\ccs_base\msp430\include\msp430f5529.h")
"C:/ti/ccs901/ccs/ccs_base/msp430/include/msp430fr4133.h", line 3235: warning #48-D: incompatible redefinition of macro "WDT_VECTOR" (declared at line 4920 of "C:\ti\ccs901\ccs\ccs_base\msp430\include\msp430f5529.h")
"C:/ti/ccs901/ccs/ccs_base/msp430/include/msp430fr4133.h", line 3240: warning #48-D: incompatible redefinition of macro "RTC_VECTOR" (declared at line 4840 of "C:\ti\ccs901\ccs\ccs_base\msp430\include\msp430f5529.h")
"C:/ti/ccs901/ccs/ccs_base/msp430/include/msp430fr4133.h", line 3245: warning #48-D: incompatible redefinition of macro "TIMER1_A1_VECTOR" (declared at line 4875 of "C:\ti\ccs901\ccs\ccs_base\msp430\include\msp430f5529.h")
"C:/ti/ccs901/ccs/ccs_base/msp430/include/msp430fr4133.h", line 3250: warning #48-D: incompatible redefinition of macro "TIMER1_A0_VECTOR" (declared at line 4880 of "C:\ti\ccs901\ccs\ccs_base\msp430\include\msp430f5529.h")
"C:/ti/ccs901/ccs/ccs_base/msp430/include/msp430fr4133.h", line 3255: warning #48-D: incompatible redefinition of macro "TIMER0_A1_VECTOR" (declared at line 4895 of "C:\ti\ccs901\ccs\ccs_base\msp430\include\msp430f5529.h")
"C:/ti/ccs901/ccs/ccs_base/msp430/include/msp430fr4133.h", line 3260: warning #48-D: incompatible redefinition of macro "TIMER0_A0_VECTOR" (declared at line 4900 of "C:\ti\ccs901\ccs\ccs_base\msp430\include\msp430f5529.h")
"C:/ti/ccs901/ccs/ccs_base/msp430/include/msp430fr4133.h", line 3265: warning #48-D: incompatible redefinition of macro "UNMI_VECTOR" (declared at line 4940 of "C:\ti\ccs901\ccs\ccs_base\msp430\include\msp430f5529.h")
"C:/ti/ccs901/ccs/ccs_base/msp430/include/msp430fr4133.h", line 3270: warning #48-D: incompatible redefinition of macro "SYSNMI_VECTOR" (declared at line 4945 of "C:\ti\ccs901\ccs\ccs_base\msp430\include\msp430f5529.h")
"C:/ti/ccs901/ccs/ccs_base/msp430/include/msp430fr4133.h", line 3275: warning #48-D: incompatible redefinition of macro "RESET_VECTOR" (declared at line 4950 of "C:\ti\ccs901\ccs\ccs_base\msp430\include\msp430f5529.h")
8 errors detected in the compilation of "../timer_a_ex1_pwmSingle.c".
gmake: *** [timer_a_ex1_pwmSingle.obj] Error 1
Building file: "../driverlib/MSP430F5xx_6xx/adc10_a.c"
Invoking: MSP430 Compiler
"C:/ti/ccs901/ccs/tools/compiler/ti-cgt-msp430_18.12.1.LTS/bin/cl430" -vmspx --data_model=restricted --use_hw_mpy=F5 --include_path="C:/ti/ccs901/ccs/ccs_base/msp430/include" --include_path="C:/Users/migeo/OneDrive - University of Waterloo/2B/ECE298/bike_radar/timer_a_ex1_pwmSingle" --include_path="C:/Users/migeo/OneDrive - University of Waterloo/2B/ECE298/bike_radar/timer_a_ex1_pwmSingle/driverlib/MSP430F5xx_6xx" --include_path="C:/ti/ccs901/ccs/tools/compiler/ti-cgt-msp430_18.12.1.LTS/include" --advice:power="none" --define=__MSP430F5529__ --define=DEPRECATED -g --printf_support=minimal --diag_warning=225 --diag_wrap=off --display_error_number --silicon_errata=CPU21 --silicon_errata=CPU22 --silicon_errata=CPU23 --silicon_errata=CPU40 --preproc_with_compile --preproc_dependency="driverlib/MSP430F5xx_6xx/adc10_a.d_raw" --obj_directory="driverlib/MSP430F5xx_6xx"  "../driverlib/MSP430F5xx_6xx/adc10_a.c"
Finished building: "../driverlib/MSP430F5xx_6xx/adc10_a.c"
 
Building file: "../driverlib/MSP430F5xx_6xx/adc12_a.c"
Invoking: MSP430 Compiler
"C:/ti/ccs901/ccs/tools/compiler/ti-cgt-msp430_18.12.1.LTS/bin/cl430" -vmspx --data_model=restricted --use_hw_mpy=F5 --include_path="C:/ti/ccs901/ccs/ccs_base/msp430/include" --include_path="C:/Users/migeo/OneDrive - University of Waterloo/2B/ECE298/bike_radar/timer_a_ex1_pwmSingle" --include_path="C:/Users/migeo/OneDrive - University of Waterloo/2B/ECE298/bike_radar/timer_a_ex1_pwmSingle/driverlib/MSP430F5xx_6xx" --include_path="C:/ti/ccs901/ccs/tools/compiler/ti-cgt-msp430_18.12.1.LTS/include" --advice:power="none" --define=__MSP430F5529__ --define=DEPRECATED -g --printf_support=minimal --diag_warning=225 --diag_wrap=off --display_error_number --silicon_errata=CPU21 --silicon_errata=CPU22 --silicon_errata=CPU23 --silicon_errata=CPU40 --preproc_with_compile --preproc_dependency="driverlib/MSP430F5xx_6xx/adc12_a.d_raw" --obj_directory="driverlib/MSP430F5xx_6xx"  "../driverlib/MSP430F5xx_6xx/adc12_a.c"
Finished building: "../driverlib/MSP430F5xx_6xx/adc12_a.c"
 
Building file: "../driverlib/MSP430F5xx_6xx/battbak.c"
Invoking: MSP430 Compiler
"C:/ti/ccs901/ccs/tools/compiler/ti-cgt-msp430_18.12.1.LTS/bin/cl430" -vmspx --data_model=restricted --use_hw_mpy=F5 --include_path="C:/ti/ccs901/ccs/ccs_base/msp430/include" --include_path="C:/Users/migeo/OneDrive - University of Waterloo/2B/ECE298/bike_radar/timer_a_ex1_pwmSingle" --include_path="C:/Users/migeo/OneDrive - University of Waterloo/2B/ECE298/bike_radar/timer_a_ex1_pwmSingle/driverlib/MSP430F5xx_6xx" --include_path="C:/ti/ccs901/ccs/tools/compiler/ti-cgt-msp430_18.12.1.LTS/include" --advice:power="none" --define=__MSP430F5529__ --define=DEPRECATED -g --printf_support=minimal --diag_warning=225 --diag_wrap=off --display_error_number --silicon_errata=CPU21 --silicon_errata=CPU22 --silicon_errata=CPU23 --silicon_errata=CPU40 --preproc_with_compile --preproc_dependency="driverlib/MSP430F5xx_6xx/battbak.d_raw" --obj_directory="driverlib/MSP430F5xx_6xx"  "../driverlib/MSP430F5xx_6xx/battbak.c"
Finished building: "../driverlib/MSP430F5xx_6xx/battbak.c"
 
Building file: "../driverlib/MSP430F5xx_6xx/aes.c"
Invoking: MSP430 Compiler
"C:/ti/ccs901/ccs/tools/compiler/ti-cgt-msp430_18.12.1.LTS/bin/cl430" -vmspx --data_model=restricted --use_hw_mpy=F5 --include_path="C:/ti/ccs901/ccs/ccs_base/msp430/include" --include_path="C:/Users/migeo/OneDrive - University of Waterloo/2B/ECE298/bike_radar/timer_a_ex1_pwmSingle" --include_path="C:/Users/migeo/OneDrive - University of Waterloo/2B/ECE298/bike_radar/timer_a_ex1_pwmSingle/driverlib/MSP430F5xx_6xx" --include_path="C:/ti/ccs901/ccs/tools/compiler/ti-cgt-msp430_18.12.1.LTS/include" --advice:power="none" --define=__MSP430F5529__ --define=DEPRECATED -g --printf_support=minimal --diag_warning=225 --diag_wrap=off --display_error_number --silicon_errata=CPU21 --silicon_errata=CPU22 --silicon_errata=CPU23 --silicon_errata=CPU40 --preproc_with_compile --preproc_dependency="driverlib/MSP430F5xx_6xx/aes.d_raw" --obj_directory="driverlib/MSP430F5xx_6xx"  "../driverlib/MSP430F5xx_6xx/aes.c"
Finished building: "../driverlib/MSP430F5xx_6xx/aes.c"
 
Building file: "../driverlib/MSP430F5xx_6xx/crc.c"
Invoking: MSP430 Compiler
"C:/ti/ccs901/ccs/tools/compiler/ti-cgt-msp430_18.12.1.LTS/bin/cl430" -vmspx --data_model=restricted --use_hw_mpy=F5 --include_path="C:/ti/ccs901/ccs/ccs_base/msp430/include" --include_path="C:/Users/migeo/OneDrive - University of Waterloo/2B/ECE298/bike_radar/timer_a_ex1_pwmSingle" --include_path="C:/Users/migeo/OneDrive - University of Waterloo/2B/ECE298/bike_radar/timer_a_ex1_pwmSingle/driverlib/MSP430F5xx_6xx" --include_path="C:/ti/ccs901/ccs/tools/compiler/ti-cgt-msp430_18.12.1.LTS/include" --advice:power="none" --define=__MSP430F5529__ --define=DEPRECATED -g --printf_support=minimal --diag_warning=225 --diag_wrap=off --display_error_number --silicon_errata=CPU21 --silicon_errata=CPU22 --silicon_errata=CPU23 --silicon_errata=CPU40 --preproc_with_compile --preproc_dependency="driverlib/MSP430F5xx_6xx/crc.d_raw" --obj_directory="driverlib/MSP430F5xx_6xx"  "../driverlib/MSP430F5xx_6xx/crc.c"
Finished building: "../driverlib/MSP430F5xx_6xx/crc.c"
 
Building file: "../driverlib/MSP430F5xx_6xx/ctsd16.c"
Invoking: MSP430 Compiler
"C:/ti/ccs901/ccs/tools/compiler/ti-cgt-msp430_18.12.1.LTS/bin/cl430" -vmspx --data_model=restricted --use_hw_mpy=F5 --include_path="C:/ti/ccs901/ccs/ccs_base/msp430/include" --include_path="C:/Users/migeo/OneDrive - University of Waterloo/2B/ECE298/bike_radar/timer_a_ex1_pwmSingle" --include_path="C:/Users/migeo/OneDrive - University of Waterloo/2B/ECE298/bike_radar/timer_a_ex1_pwmSingle/driverlib/MSP430F5xx_6xx" --include_path="C:/ti/ccs901/ccs/tools/compiler/ti-cgt-msp430_18.12.1.LTS/include" --advice:power="none" --define=__MSP430F5529__ --define=DEPRECATED -g --printf_support=minimal --diag_warning=225 --diag_wrap=off --display_error_number --silicon_errata=CPU21 --silicon_errata=CPU22 --silicon_errata=CPU23 --silicon_errata=CPU40 --preproc_with_compile --preproc_dependency="driverlib/MSP430F5xx_6xx/ctsd16.d_raw" --obj_directory="driverlib/MSP430F5xx_6xx"  "../driverlib/MSP430F5xx_6xx/ctsd16.c"
Finished building: "../driverlib/MSP430F5xx_6xx/ctsd16.c"
 
Building file: "../driverlib/MSP430F5xx_6xx/comp_b.c"
Invoking: MSP430 Compiler
"C:/ti/ccs901/ccs/tools/compiler/ti-cgt-msp430_18.12.1.LTS/bin/cl430" -vmspx --data_model=restricted --use_hw_mpy=F5 --include_path="C:/ti/ccs901/ccs/ccs_base/msp430/include" --include_path="C:/Users/migeo/OneDrive - University of Waterloo/2B/ECE298/bike_radar/timer_a_ex1_pwmSingle" --include_path="C:/Users/migeo/OneDrive - University of Waterloo/2B/ECE298/bike_radar/timer_a_ex1_pwmSingle/driverlib/MSP430F5xx_6xx" --include_path="C:/ti/ccs901/ccs/tools/compiler/ti-cgt-msp430_18.12.1.LTS/include" --advice:power="none" --define=__MSP430F5529__ --define=DEPRECATED -g --printf_support=minimal --diag_warning=225 --diag_wrap=off --display_error_number --silicon_errata=CPU21 --silicon_errata=CPU22 --silicon_errata=CPU23 --silicon_errata=CPU40 --preproc_with_compile --preproc_dependency="driverlib/MSP430F5xx_6xx/comp_b.d_raw" --obj_directory="driverlib/MSP430F5xx_6xx"  "../driverlib/MSP430F5xx_6xx/comp_b.c"
Finished building: "../driverlib/MSP430F5xx_6xx/comp_b.c"
 
Building file: "../driverlib/MSP430F5xx_6xx/dac12_a.c"
Invoking: MSP430 Compiler
"C:/ti/ccs901/ccs/tools/compiler/ti-cgt-msp430_18.12.1.LTS/bin/cl430" -vmspx --data_model=restricted --use_hw_mpy=F5 --include_path="C:/ti/ccs901/ccs/ccs_base/msp430/include" --include_path="C:/Users/migeo/OneDrive - University of Waterloo/2B/ECE298/bike_radar/timer_a_ex1_pwmSingle" --include_path="C:/Users/migeo/OneDrive - University of Waterloo/2B/ECE298/bike_radar/timer_a_ex1_pwmSingle/driverlib/MSP430F5xx_6xx" --include_path="C:/ti/ccs901/ccs/tools/compiler/ti-cgt-msp430_18.12.1.LTS/include" --advice:power="none" --define=__MSP430F5529__ --define=DEPRECATED -g --printf_support=minimal --diag_warning=225 --diag_wrap=off --display_error_number --silicon_errata=CPU21 --silicon_errata=CPU22 --silicon_errata=CPU23 --silicon_errata=CPU40 --preproc_with_compile --preproc_dependency="driverlib/MSP430F5xx_6xx/dac12_a.d_raw" --obj_directory="driverlib/MSP430F5xx_6xx"  "../driverlib/MSP430F5xx_6xx/dac12_a.c"
Finished building: "../driverlib/MSP430F5xx_6xx/dac12_a.c"
 
Building file: "../driverlib/MSP430F5xx_6xx/dma.c"
Invoking: MSP430 Compiler
"C:/ti/ccs901/ccs/tools/compiler/ti-cgt-msp430_18.12.1.LTS/bin/cl430" -vmspx --data_model=restricted --use_hw_mpy=F5 --include_path="C:/ti/ccs901/ccs/ccs_base/msp430/include" --include_path="C:/Users/migeo/OneDrive - University of Waterloo/2B/ECE298/bike_radar/timer_a_ex1_pwmSingle" --include_path="C:/Users/migeo/OneDrive - University of Waterloo/2B/ECE298/bike_radar/timer_a_ex1_pwmSingle/driverlib/MSP430F5xx_6xx" --include_path="C:/ti/ccs901/ccs/tools/compiler/ti-cgt-msp430_18.12.1.LTS/include" --advice:power="none" --define=__MSP430F5529__ --define=DEPRECATED -g --printf_support=minimal --diag_warning=225 --diag_wrap=off --display_error_number --silicon_errata=CPU21 --silicon_errata=CPU22 --silicon_errata=CPU23 --silicon_errata=CPU40 --preproc_with_compile --preproc_dependency="driverlib/MSP430F5xx_6xx/dma.d_raw" --obj_directory="driverlib/MSP430F5xx_6xx"  "../driverlib/MSP430F5xx_6xx/dma.c"
Finished building: "../driverlib/MSP430F5xx_6xx/dma.c"
 
Building file: "../driverlib/MSP430F5xx_6xx/eusci_a_spi.c"
Invoking: MSP430 Compiler
"C:/ti/ccs901/ccs/tools/compiler/ti-cgt-msp430_18.12.1.LTS/bin/cl430" -vmspx --data_model=restricted --use_hw_mpy=F5 --include_path="C:/ti/ccs901/ccs/ccs_base/msp430/include" --include_path="C:/Users/migeo/OneDrive - University of Waterloo/2B/ECE298/bike_radar/timer_a_ex1_pwmSingle" --include_path="C:/Users/migeo/OneDrive - University of Waterloo/2B/ECE298/bike_radar/timer_a_ex1_pwmSingle/driverlib/MSP430F5xx_6xx" --include_path="C:/ti/ccs901/ccs/tools/compiler/ti-cgt-msp430_18.12.1.LTS/include" --advice:power="none" --define=__MSP430F5529__ --define=DEPRECATED -g --printf_support=minimal --diag_warning=225 --diag_wrap=off --display_error_number --silicon_errata=CPU21 --silicon_errata=CPU22 --silicon_errata=CPU23 --silicon_errata=CPU40 --preproc_with_compile --preproc_dependency="driverlib/MSP430F5xx_6xx/eusci_a_spi.d_raw" --obj_directory="driverlib/MSP430F5xx_6xx"  "../driverlib/MSP430F5xx_6xx/eusci_a_spi.c"
Finished building: "../driverlib/MSP430F5xx_6xx/eusci_a_spi.c"
 
Building file: "../driverlib/MSP430F5xx_6xx/eusci_a_uart.c"
Invoking: MSP430 Compiler
"C:/ti/ccs901/ccs/tools/compiler/ti-cgt-msp430_18.12.1.LTS/bin/cl430" -vmspx --data_model=restricted --use_hw_mpy=F5 --include_path="C:/ti/ccs901/ccs/ccs_base/msp430/include" --include_path="C:/Users/migeo/OneDrive - University of Waterloo/2B/ECE298/bike_radar/timer_a_ex1_pwmSingle" --include_path="C:/Users/migeo/OneDrive - University of Waterloo/2B/ECE298/bike_radar/timer_a_ex1_pwmSingle/driverlib/MSP430F5xx_6xx" --include_path="C:/ti/ccs901/ccs/tools/compiler/ti-cgt-msp430_18.12.1.LTS/include" --advice:power="none" --define=__MSP430F5529__ --define=DEPRECATED -g --printf_support=minimal --diag_warning=225 --diag_wrap=off --display_error_number --silicon_errata=CPU21 --silicon_errata=CPU22 --silicon_errata=CPU23 --silicon_errata=CPU40 --preproc_with_compile --preproc_dependency="driverlib/MSP430F5xx_6xx/eusci_a_uart.d_raw" --obj_directory="driverlib/MSP430F5xx_6xx"  "../driverlib/MSP430F5xx_6xx/eusci_a_uart.c"
Finished building: "../driverlib/MSP430F5xx_6xx/eusci_a_uart.c"
 
Building file: "../driverlib/MSP430F5xx_6xx/eusci_b_i2c.c"
Invoking: MSP430 Compiler
"C:/ti/ccs901/ccs/tools/compiler/ti-cgt-msp430_18.12.1.LTS/bin/cl430" -vmspx --data_model=restricted --use_hw_mpy=F5 --include_path="C:/ti/ccs901/ccs/ccs_base/msp430/include" --include_path="C:/Users/migeo/OneDrive - University of Waterloo/2B/ECE298/bike_radar/timer_a_ex1_pwmSingle" --include_path="C:/Users/migeo/OneDrive - University of Waterloo/2B/ECE298/bike_radar/timer_a_ex1_pwmSingle/driverlib/MSP430F5xx_6xx" --include_path="C:/ti/ccs901/ccs/tools/compiler/ti-cgt-msp430_18.12.1.LTS/include" --advice:power="none" --define=__MSP430F5529__ --define=DEPRECATED -g --printf_support=minimal --diag_warning=225 --diag_wrap=off --display_error_number --silicon_errata=CPU21 --silicon_errata=CPU22 --silicon_errata=CPU23 --silicon_errata=CPU40 --preproc_with_compile --preproc_dependency="driverlib/MSP430F5xx_6xx/eusci_b_i2c.d_raw" --obj_directory="driverlib/MSP430F5xx_6xx"  "../driverlib/MSP430F5xx_6xx/eusci_b_i2c.c"
Finished building: "../driverlib/MSP430F5xx_6xx/eusci_b_i2c.c"
 
Building file: "../driverlib/MSP430F5xx_6xx/eusci_b_spi.c"
Invoking: MSP430 Compiler
"C:/ti/ccs901/ccs/tools/compiler/ti-cgt-msp430_18.12.1.LTS/bin/cl430" -vmspx --data_model=restricted --use_hw_mpy=F5 --include_path="C:/ti/ccs901/ccs/ccs_base/msp430/include" --include_path="C:/Users/migeo/OneDrive - University of Waterloo/2B/ECE298/bike_radar/timer_a_ex1_pwmSingle" --include_path="C:/Users/migeo/OneDrive - University of Waterloo/2B/ECE298/bike_radar/timer_a_ex1_pwmSingle/driverlib/MSP430F5xx_6xx" --include_path="C:/ti/ccs901/ccs/tools/compiler/ti-cgt-msp430_18.12.1.LTS/include" --advice:power="none" --define=__MSP430F5529__ --define=DEPRECATED -g --printf_support=minimal --diag_warning=225 --diag_wrap=off --display_error_number --silicon_errata=CPU21 --silicon_errata=CPU22 --silicon_errata=CPU23 --silicon_errata=CPU40 --preproc_with_compile --preproc_dependency="driverlib/MSP430F5xx_6xx/eusci_b_spi.d_raw" --obj_directory="driverlib/MSP430F5xx_6xx"  "../driverlib/MSP430F5xx_6xx/eusci_b_spi.c"
Finished building: "../driverlib/MSP430F5xx_6xx/eusci_b_spi.c"
 
Building file: "../driverlib/MSP430F5xx_6xx/flashctl.c"
Invoking: MSP430 Compiler
"C:/ti/ccs901/ccs/tools/compiler/ti-cgt-msp430_18.12.1.LTS/bin/cl430" -vmspx --data_model=restricted --use_hw_mpy=F5 --include_path="C:/ti/ccs901/ccs/ccs_base/msp430/include" --include_path="C:/Users/migeo/OneDrive - University of Waterloo/2B/ECE298/bike_radar/timer_a_ex1_pwmSingle" --include_path="C:/Users/migeo/OneDrive - University of Waterloo/2B/ECE298/bike_radar/timer_a_ex1_pwmSingle/driverlib/MSP430F5xx_6xx" --include_path="C:/ti/ccs901/ccs/tools/compiler/ti-cgt-msp430_18.12.1.LTS/include" --advice:power="none" --define=__MSP430F5529__ --define=DEPRECATED -g --printf_support=minimal --diag_warning=225 --diag_wrap=off --display_error_number --silicon_errata=CPU21 --silicon_errata=CPU22 --silicon_errata=CPU23 --silicon_errata=CPU40 --preproc_with_compile --preproc_dependency="driverlib/MSP430F5xx_6xx/flashctl.d_raw" --obj_directory="driverlib/MSP430F5xx_6xx"  "../driverlib/MSP430F5xx_6xx/flashctl.c"
Finished building: "../driverlib/MSP430F5xx_6xx/flashctl.c"
 
Building file: "../driverlib/MSP430F5xx_6xx/gpio.c"
Invoking: MSP430 Compiler
"C:/ti/ccs901/ccs/tools/compiler/ti-cgt-msp430_18.12.1.LTS/bin/cl430" -vmspx --data_model=restricted --use_hw_mpy=F5 --include_path="C:/ti/ccs901/ccs/ccs_base/msp430/include" --include_path="C:/Users/migeo/OneDrive - University of Waterloo/2B/ECE298/bike_radar/timer_a_ex1_pwmSingle" --include_path="C:/Users/migeo/OneDrive - University of Waterloo/2B/ECE298/bike_radar/timer_a_ex1_pwmSingle/driverlib/MSP430F5xx_6xx" --include_path="C:/ti/ccs901/ccs/tools/compiler/ti-cgt-msp430_18.12.1.LTS/include" --advice:power="none" --define=__MSP430F5529__ --define=DEPRECATED -g --printf_support=minimal --diag_warning=225 --diag_wrap=off --display_error_number --silicon_errata=CPU21 --silicon_errata=CPU22 --silicon_errata=CPU23 --silicon_errata=CPU40 --preproc_with_compile --preproc_dependency="driverlib/MSP430F5xx_6xx/gpio.d_raw" --obj_directory="driverlib/MSP430F5xx_6xx"  "../driverlib/MSP430F5xx_6xx/gpio.c"
Finished building: "../driverlib/MSP430F5xx_6xx/gpio.c"
 
Building file: "../driverlib/MSP430F5xx_6xx/lcd_b.c"
Invoking: MSP430 Compiler
"C:/ti/ccs901/ccs/tools/compiler/ti-cgt-msp430_18.12.1.LTS/bin/cl430" -vmspx --data_model=restricted --use_hw_mpy=F5 --include_path="C:/ti/ccs901/ccs/ccs_base/msp430/include" --include_path="C:/Users/migeo/OneDrive - University of Waterloo/2B/ECE298/bike_radar/timer_a_ex1_pwmSingle" --include_path="C:/Users/migeo/OneDrive - University of Waterloo/2B/ECE298/bike_radar/timer_a_ex1_pwmSingle/driverlib/MSP430F5xx_6xx" --include_path="C:/ti/ccs901/ccs/tools/compiler/ti-cgt-msp430_18.12.1.LTS/include" --advice:power="none" --define=__MSP430F5529__ --define=DEPRECATED -g --printf_support=minimal --diag_warning=225 --diag_wrap=off --display_error_number --silicon_errata=CPU21 --silicon_errata=CPU22 --silicon_errata=CPU23 --silicon_errata=CPU40 --preproc_with_compile --preproc_dependency="driverlib/MSP430F5xx_6xx/lcd_b.d_raw" --obj_directory="driverlib/MSP430F5xx_6xx"  "../driverlib/MSP430F5xx_6xx/lcd_b.c"
Finished building: "../driverlib/MSP430F5xx_6xx/lcd_b.c"
 
Building file: "../driverlib/MSP430F5xx_6xx/lcd_c.c"
Invoking: MSP430 Compiler
"C:/ti/ccs901/ccs/tools/compiler/ti-cgt-msp430_18.12.1.LTS/bin/cl430" -vmspx --data_model=restricted --use_hw_mpy=F5 --include_path="C:/ti/ccs901/ccs/ccs_base/msp430/include" --include_path="C:/Users/migeo/OneDrive - University of Waterloo/2B/ECE298/bike_radar/timer_a_ex1_pwmSingle" --include_path="C:/Users/migeo/OneDrive - University of Waterloo/2B/ECE298/bike_radar/timer_a_ex1_pwmSingle/driverlib/MSP430F5xx_6xx" --include_path="C:/ti/ccs901/ccs/tools/compiler/ti-cgt-msp430_18.12.1.LTS/include" --advice:power="none" --define=__MSP430F5529__ --define=DEPRECATED -g --printf_support=minimal --diag_warning=225 --diag_wrap=off --display_error_number --silicon_errata=CPU21 --silicon_errata=CPU22 --silicon_errata=CPU23 --silicon_errata=CPU40 --preproc_with_compile --preproc_dependency="driverlib/MSP430F5xx_6xx/lcd_c.d_raw" --obj_directory="driverlib/MSP430F5xx_6xx"  "../driverlib/MSP430F5xx_6xx/lcd_c.c"
Finished building: "../driverlib/MSP430F5xx_6xx/lcd_c.c"
 
Building file: "../driverlib/MSP430F5xx_6xx/ldopwr.c"
Invoking: MSP430 Compiler
"C:/ti/ccs901/ccs/tools/compiler/ti-cgt-msp430_18.12.1.LTS/bin/cl430" -vmspx --data_model=restricted --use_hw_mpy=F5 --include_path="C:/ti/ccs901/ccs/ccs_base/msp430/include" --include_path="C:/Users/migeo/OneDrive - University of Waterloo/2B/ECE298/bike_radar/timer_a_ex1_pwmSingle" --include_path="C:/Users/migeo/OneDrive - University of Waterloo/2B/ECE298/bike_radar/timer_a_ex1_pwmSingle/driverlib/MSP430F5xx_6xx" --include_path="C:/ti/ccs901/ccs/tools/compiler/ti-cgt-msp430_18.12.1.LTS/include" --advice:power="none" --define=__MSP430F5529__ --define=DEPRECATED -g --printf_support=minimal --diag_warning=225 --diag_wrap=off --display_error_number --silicon_errata=CPU21 --silicon_errata=CPU22 --silicon_errata=CPU23 --silicon_errata=CPU40 --preproc_with_compile --preproc_dependency="driverlib/MSP430F5xx_6xx/ldopwr.d_raw" --obj_directory="driverlib/MSP430F5xx_6xx"  "../driverlib/MSP430F5xx_6xx/ldopwr.c"
Finished building: "../driverlib/MSP430F5xx_6xx/ldopwr.c"
 
Building file: "../driverlib/MSP430F5xx_6xx/mpy32.c"
Invoking: MSP430 Compiler
"C:/ti/ccs901/ccs/tools/compiler/ti-cgt-msp430_18.12.1.LTS/bin/cl430" -vmspx --data_model=restricted --use_hw_mpy=F5 --include_path="C:/ti/ccs901/ccs/ccs_base/msp430/include" --include_path="C:/Users/migeo/OneDrive - University of Waterloo/2B/ECE298/bike_radar/timer_a_ex1_pwmSingle" --include_path="C:/Users/migeo/OneDrive - University of Waterloo/2B/ECE298/bike_radar/timer_a_ex1_pwmSingle/driverlib/MSP430F5xx_6xx" --include_path="C:/ti/ccs901/ccs/tools/compiler/ti-cgt-msp430_18.12.1.LTS/include" --advice:power="none" --define=__MSP430F5529__ --define=DEPRECATED -g --printf_support=minimal --diag_warning=225 --diag_wrap=off --display_error_number --silicon_errata=CPU21 --silicon_errata=CPU22 --silicon_errata=CPU23 --silicon_errata=CPU40 --preproc_with_compile --preproc_dependency="driverlib/MSP430F5xx_6xx/mpy32.d_raw" --obj_directory="driverlib/MSP430F5xx_6xx"  "../driverlib/MSP430F5xx_6xx/mpy32.c"
Finished building: "../driverlib/MSP430F5xx_6xx/mpy32.c"
 
Building file: "../driverlib/MSP430F5xx_6xx/oa.c"
Invoking: MSP430 Compiler
"C:/ti/ccs901/ccs/tools/compiler/ti-cgt-msp430_18.12.1.LTS/bin/cl430" -vmspx --data_model=restricted --use_hw_mpy=F5 --include_path="C:/ti/ccs901/ccs/ccs_base/msp430/include" --include_path="C:/Users/migeo/OneDrive - University of Waterloo/2B/ECE298/bike_radar/timer_a_ex1_pwmSingle" --include_path="C:/Users/migeo/OneDrive - University of Waterloo/2B/ECE298/bike_radar/timer_a_ex1_pwmSingle/driverlib/MSP430F5xx_6xx" --include_path="C:/ti/ccs901/ccs/tools/compiler/ti-cgt-msp430_18.12.1.LTS/include" --advice:power="none" --define=__MSP430F5529__ --define=DEPRECATED -g --printf_support=minimal --diag_warning=225 --diag_wrap=off --display_error_number --silicon_errata=CPU21 --silicon_errata=CPU22 --silicon_errata=CPU23 --silicon_errata=CPU40 --preproc_with_compile --preproc_dependency="driverlib/MSP430F5xx_6xx/oa.d_raw" --obj_directory="driverlib/MSP430F5xx_6xx"  "../driverlib/MSP430F5xx_6xx/oa.c"
Finished building: "../driverlib/MSP430F5xx_6xx/oa.c"
 
Building file: "../driverlib/MSP430F5xx_6xx/pmap.c"
Invoking: MSP430 Compiler
"C:/ti/ccs901/ccs/tools/compiler/ti-cgt-msp430_18.12.1.LTS/bin/cl430" -vmspx --data_model=restricted --use_hw_mpy=F5 --include_path="C:/ti/ccs901/ccs/ccs_base/msp430/include" --include_path="C:/Users/migeo/OneDrive - University of Waterloo/2B/ECE298/bike_radar/timer_a_ex1_pwmSingle" --include_path="C:/Users/migeo/OneDrive - University of Waterloo/2B/ECE298/bike_radar/timer_a_ex1_pwmSingle/driverlib/MSP430F5xx_6xx" --include_path="C:/ti/ccs901/ccs/tools/compiler/ti-cgt-msp430_18.12.1.LTS/include" --advice:power="none" --define=__MSP430F5529__ --define=DEPRECATED -g --printf_support=minimal --diag_warning=225 --diag_wrap=off --display_error_number --silicon_errata=CPU21 --silicon_errata=CPU22 --silicon_errata=CPU23 --silicon_errata=CPU40 --preproc_with_compile --preproc_dependency="driverlib/MSP430F5xx_6xx/pmap.d_raw" --obj_directory="driverlib/MSP430F5xx_6xx"  "../driverlib/MSP430F5xx_6xx/pmap.c"
Finished building: "../driverlib/MSP430F5xx_6xx/pmap.c"
 
Building file: "../driverlib/MSP430F5xx_6xx/ram.c"
Invoking: MSP430 Compiler
"C:/ti/ccs901/ccs/tools/compiler/ti-cgt-msp430_18.12.1.LTS/bin/cl430" -vmspx --data_model=restricted --use_hw_mpy=F5 --include_path="C:/ti/ccs901/ccs/ccs_base/msp430/include" --include_path="C:/Users/migeo/OneDrive - University of Waterloo/2B/ECE298/bike_radar/timer_a_ex1_pwmSingle" --include_path="C:/Users/migeo/OneDrive - University of Waterloo/2B/ECE298/bike_radar/timer_a_ex1_pwmSingle/driverlib/MSP430F5xx_6xx" --include_path="C:/ti/ccs901/ccs/tools/compiler/ti-cgt-msp430_18.12.1.LTS/include" --advice:power="none" --define=__MSP430F5529__ --define=DEPRECATED -g --printf_support=minimal --diag_warning=225 --diag_wrap=off --display_error_number --silicon_errata=CPU21 --silicon_errata=CPU22 --silicon_errata=CPU23 --silicon_errata=CPU40 --preproc_with_compile --preproc_dependency="driverlib/MSP430F5xx_6xx/ram.d_raw" --obj_directory="driverlib/MSP430F5xx_6xx"  "../driverlib/MSP430F5xx_6xx/ram.c"
Finished building: "../driverlib/MSP430F5xx_6xx/ram.c"
 
Building file: "../driverlib/MSP430F5xx_6xx/pmm.c"
Invoking: MSP430 Compiler
"C:/ti/ccs901/ccs/tools/compiler/ti-cgt-msp430_18.12.1.LTS/bin/cl430" -vmspx --data_model=restricted --use_hw_mpy=F5 --include_path="C:/ti/ccs901/ccs/ccs_base/msp430/include" --include_path="C:/Users/migeo/OneDrive - University of Waterloo/2B/ECE298/bike_radar/timer_a_ex1_pwmSingle" --include_path="C:/Users/migeo/OneDrive - University of Waterloo/2B/ECE298/bike_radar/timer_a_ex1_pwmSingle/driverlib/MSP430F5xx_6xx" --include_path="C:/ti/ccs901/ccs/tools/compiler/ti-cgt-msp430_18.12.1.LTS/include" --advice:power="none" --define=__MSP430F5529__ --define=DEPRECATED -g --printf_support=minimal --diag_warning=225 --diag_wrap=off --display_error_number --silicon_errata=CPU21 --silicon_errata=CPU22 --silicon_errata=CPU23 --silicon_errata=CPU40 --preproc_with_compile --preproc_dependency="driverlib/MSP430F5xx_6xx/pmm.d_raw" --obj_directory="driverlib/MSP430F5xx_6xx"  "../driverlib/MSP430F5xx_6xx/pmm.c"
Finished building: "../driverlib/MSP430F5xx_6xx/pmm.c"
 
Building file: "../driverlib/MSP430F5xx_6xx/ref.c"
Invoking: MSP430 Compiler
"C:/ti/ccs901/ccs/tools/compiler/ti-cgt-msp430_18.12.1.LTS/bin/cl430" -vmspx --data_model=restricted --use_hw_mpy=F5 --include_path="C:/ti/ccs901/ccs/ccs_base/msp430/include" --include_path="C:/Users/migeo/OneDrive - University of Waterloo/2B/ECE298/bike_radar/timer_a_ex1_pwmSingle" --include_path="C:/Users/migeo/OneDrive - University of Waterloo/2B/ECE298/bike_radar/timer_a_ex1_pwmSingle/driverlib/MSP430F5xx_6xx" --include_path="C:/ti/ccs901/ccs/tools/compiler/ti-cgt-msp430_18.12.1.LTS/include" --advice:power="none" --define=__MSP430F5529__ --define=DEPRECATED -g --printf_support=minimal --diag_warning=225 --diag_wrap=off --display_error_number --silicon_errata=CPU21 --silicon_errata=CPU22 --silicon_errata=CPU23 --silicon_errata=CPU40 --preproc_with_compile --preproc_dependency="driverlib/MSP430F5xx_6xx/ref.d_raw" --obj_directory="driverlib/MSP430F5xx_6xx"  "../driverlib/MSP430F5xx_6xx/ref.c"
Finished building: "../driverlib/MSP430F5xx_6xx/ref.c"
 
Building file: "../driverlib/MSP430F5xx_6xx/rtc_b.c"
Invoking: MSP430 Compiler
"C:/ti/ccs901/ccs/tools/compiler/ti-cgt-msp430_18.12.1.LTS/bin/cl430" -vmspx --data_model=restricted --use_hw_mpy=F5 --include_path="C:/ti/ccs901/ccs/ccs_base/msp430/include" --include_path="C:/Users/migeo/OneDrive - University of Waterloo/2B/ECE298/bike_radar/timer_a_ex1_pwmSingle" --include_path="C:/Users/migeo/OneDrive - University of Waterloo/2B/ECE298/bike_radar/timer_a_ex1_pwmSingle/driverlib/MSP430F5xx_6xx" --include_path="C:/ti/ccs901/ccs/tools/compiler/ti-cgt-msp430_18.12.1.LTS/include" --advice:power="none" --define=__MSP430F5529__ --define=DEPRECATED -g --printf_support=minimal --diag_warning=225 --diag_wrap=off --display_error_number --silicon_errata=CPU21 --silicon_errata=CPU22 --silicon_errata=CPU23 --silicon_errata=CPU40 --preproc_with_compile --preproc_dependency="driverlib/MSP430F5xx_6xx/rtc_b.d_raw" --obj_directory="driverlib/MSP430F5xx_6xx"  "../driverlib/MSP430F5xx_6xx/rtc_b.c"
Finished building: "../driverlib/MSP430F5xx_6xx/rtc_b.c"
 
Building file: "../driverlib/MSP430F5xx_6xx/rtc_c.c"
Invoking: MSP430 Compiler
"C:/ti/ccs901/ccs/tools/compiler/ti-cgt-msp430_18.12.1.LTS/bin/cl430" -vmspx --data_model=restricted --use_hw_mpy=F5 --include_path="C:/ti/ccs901/ccs/ccs_base/msp430/include" --include_path="C:/Users/migeo/OneDrive - University of Waterloo/2B/ECE298/bike_radar/timer_a_ex1_pwmSingle" --include_path="C:/Users/migeo/OneDrive - University of Waterloo/2B/ECE298/bike_radar/timer_a_ex1_pwmSingle/driverlib/MSP430F5xx_6xx" --include_path="C:/ti/ccs901/ccs/tools/compiler/ti-cgt-msp430_18.12.1.LTS/include" --advice:power="none" --define=__MSP430F5529__ --define=DEPRECATED -g --printf_support=minimal --diag_warning=225 --diag_wrap=off --display_error_number --silicon_errata=CPU21 --silicon_errata=CPU22 --silicon_errata=CPU23 --silicon_errata=CPU40 --preproc_with_compile --preproc_dependency="driverlib/MSP430F5xx_6xx/rtc_c.d_raw" --obj_directory="driverlib/MSP430F5xx_6xx"  "../driverlib/MSP430F5xx_6xx/rtc_c.c"
Finished building: "../driverlib/MSP430F5xx_6xx/rtc_c.c"
 
Building file: "../driverlib/MSP430F5xx_6xx/sd24_b.c"
Invoking: MSP430 Compiler
"C:/ti/ccs901/ccs/tools/compiler/ti-cgt-msp430_18.12.1.LTS/bin/cl430" -vmspx --data_model=restricted --use_hw_mpy=F5 --include_path="C:/ti/ccs901/ccs/ccs_base/msp430/include" --include_path="C:/Users/migeo/OneDrive - University of Waterloo/2B/ECE298/bike_radar/timer_a_ex1_pwmSingle" --include_path="C:/Users/migeo/OneDrive - University of Waterloo/2B/ECE298/bike_radar/timer_a_ex1_pwmSingle/driverlib/MSP430F5xx_6xx" --include_path="C:/ti/ccs901/ccs/tools/compiler/ti-cgt-msp430_18.12.1.LTS/include" --advice:power="none" --define=__MSP430F5529__ --define=DEPRECATED -g --printf_support=minimal --diag_warning=225 --diag_wrap=off --display_error_number --silicon_errata=CPU21 --silicon_errata=CPU22 --silicon_errata=CPU23 --silicon_errata=CPU40 --preproc_with_compile --preproc_dependency="driverlib/MSP430F5xx_6xx/sd24_b.d_raw" --obj_directory="driverlib/MSP430F5xx_6xx"  "../driverlib/MSP430F5xx_6xx/sd24_b.c"
Finished building: "../driverlib/MSP430F5xx_6xx/sd24_b.c"
 
Building file: "../driverlib/MSP430F5xx_6xx/rtc_a.c"
Invoking: MSP430 Compiler
"C:/ti/ccs901/ccs/tools/compiler/ti-cgt-msp430_18.12.1.LTS/bin/cl430" -vmspx --data_model=restricted --use_hw_mpy=F5 --include_path="C:/ti/ccs901/ccs/ccs_base/msp430/include" --include_path="C:/Users/migeo/OneDrive - University of Waterloo/2B/ECE298/bike_radar/timer_a_ex1_pwmSingle" --include_path="C:/Users/migeo/OneDrive - University of Waterloo/2B/ECE298/bike_radar/timer_a_ex1_pwmSingle/driverlib/MSP430F5xx_6xx" --include_path="C:/ti/ccs901/ccs/tools/compiler/ti-cgt-msp430_18.12.1.LTS/include" --advice:power="none" --define=__MSP430F5529__ --define=DEPRECATED -g --printf_support=minimal --diag_warning=225 --diag_wrap=off --display_error_number --silicon_errata=CPU21 --silicon_errata=CPU22 --silicon_errata=CPU23 --silicon_errata=CPU40 --preproc_with_compile --preproc_dependency="driverlib/MSP430F5xx_6xx/rtc_a.d_raw" --obj_directory="driverlib/MSP430F5xx_6xx"  "../driverlib/MSP430F5xx_6xx/rtc_a.c"
Finished building: "../driverlib/MSP430F5xx_6xx/rtc_a.c"
 
Building file: "../driverlib/MSP430F5xx_6xx/sfr.c"
Invoking: MSP430 Compiler
"C:/ti/ccs901/ccs/tools/compiler/ti-cgt-msp430_18.12.1.LTS/bin/cl430" -vmspx --data_model=restricted --use_hw_mpy=F5 --include_path="C:/ti/ccs901/ccs/ccs_base/msp430/include" --include_path="C:/Users/migeo/OneDrive - University of Waterloo/2B/ECE298/bike_radar/timer_a_ex1_pwmSingle" --include_path="C:/Users/migeo/OneDrive - University of Waterloo/2B/ECE298/bike_radar/timer_a_ex1_pwmSingle/driverlib/MSP430F5xx_6xx" --include_path="C:/ti/ccs901/ccs/tools/compiler/ti-cgt-msp430_18.12.1.LTS/include" --advice:power="none" --define=__MSP430F5529__ --define=DEPRECATED -g --printf_support=minimal --diag_warning=225 --diag_wrap=off --display_error_number --silicon_errata=CPU21 --silicon_errata=CPU22 --silicon_errata=CPU23 --silicon_errata=CPU40 --preproc_with_compile --preproc_dependency="driverlib/MSP430F5xx_6xx/sfr.d_raw" --obj_directory="driverlib/MSP430F5xx_6xx"  "../driverlib/MSP430F5xx_6xx/sfr.c"
Finished building: "../driverlib/MSP430F5xx_6xx/sfr.c"
 
Building file: "../driverlib/MSP430F5xx_6xx/sysctl.c"
Invoking: MSP430 Compiler
"C:/ti/ccs901/ccs/tools/compiler/ti-cgt-msp430_18.12.1.LTS/bin/cl430" -vmspx --data_model=restricted --use_hw_mpy=F5 --include_path="C:/ti/ccs901/ccs/ccs_base/msp430/include" --include_path="C:/Users/migeo/OneDrive - University of Waterloo/2B/ECE298/bike_radar/timer_a_ex1_pwmSingle" --include_path="C:/Users/migeo/OneDrive - University of Waterloo/2B/ECE298/bike_radar/timer_a_ex1_pwmSingle/driverlib/MSP430F5xx_6xx" --include_path="C:/ti/ccs901/ccs/tools/compiler/ti-cgt-msp430_18.12.1.LTS/include" --advice:power="none" --define=__MSP430F5529__ --define=DEPRECATED -g --printf_support=minimal --diag_warning=225 --diag_wrap=off --display_error_number --silicon_errata=CPU21 --silicon_errata=CPU22 --silicon_errata=CPU23 --silicon_errata=CPU40 --preproc_with_compile --preproc_dependency="driverlib/MSP430F5xx_6xx/sysctl.d_raw" --obj_directory="driverlib/MSP430F5xx_6xx"  "../driverlib/MSP430F5xx_6xx/sysctl.c"
Finished building: "../driverlib/MSP430F5xx_6xx/sysctl.c"
 
Building file: "../driverlib/MSP430F5xx_6xx/tec.c"
Invoking: MSP430 Compiler
"C:/ti/ccs901/ccs/tools/compiler/ti-cgt-msp430_18.12.1.LTS/bin/cl430" -vmspx --data_model=restricted --use_hw_mpy=F5 --include_path="C:/ti/ccs901/ccs/ccs_base/msp430/include" --include_path="C:/Users/migeo/OneDrive - University of Waterloo/2B/ECE298/bike_radar/timer_a_ex1_pwmSingle" --include_path="C:/Users/migeo/OneDrive - University of Waterloo/2B/ECE298/bike_radar/timer_a_ex1_pwmSingle/driverlib/MSP430F5xx_6xx" --include_path="C:/ti/ccs901/ccs/tools/compiler/ti-cgt-msp430_18.12.1.LTS/include" --advice:power="none" --define=__MSP430F5529__ --define=DEPRECATED -g --printf_support=minimal --diag_warning=225 --diag_wrap=off --display_error_number --silicon_errata=CPU21 --silicon_errata=CPU22 --silicon_errata=CPU23 --silicon_errata=CPU40 --preproc_with_compile --preproc_dependency="driverlib/MSP430F5xx_6xx/tec.d_raw" --obj_directory="driverlib/MSP430F5xx_6xx"  "../driverlib/MSP430F5xx_6xx/tec.c"
Finished building: "../driverlib/MSP430F5xx_6xx/tec.c"
 
Building file: "../driverlib/MSP430F5xx_6xx/timer_d.c"
Invoking: MSP430 Compiler
"C:/ti/ccs901/ccs/tools/compiler/ti-cgt-msp430_18.12.1.LTS/bin/cl430" -vmspx --data_model=restricted --use_hw_mpy=F5 --include_path="C:/ti/ccs901/ccs/ccs_base/msp430/include" --include_path="C:/Users/migeo/OneDrive - University of Waterloo/2B/ECE298/bike_radar/timer_a_ex1_pwmSingle" --include_path="C:/Users/migeo/OneDrive - University of Waterloo/2B/ECE298/bike_radar/timer_a_ex1_pwmSingle/driverlib/MSP430F5xx_6xx" --include_path="C:/ti/ccs901/ccs/tools/compiler/ti-cgt-msp430_18.12.1.LTS/include" --advice:power="none" --define=__MSP430F5529__ --define=DEPRECATED -g --printf_support=minimal --diag_warning=225 --diag_wrap=off --display_error_number --silicon_errata=CPU21 --silicon_errata=CPU22 --silicon_errata=CPU23 --silicon_errata=CPU40 --preproc_with_compile --preproc_dependency="driverlib/MSP430F5xx_6xx/timer_d.d_raw" --obj_directory="driverlib/MSP430F5xx_6xx"  "../driverlib/MSP430F5xx_6xx/timer_d.c"
Finished building: "../driverlib/MSP430F5xx_6xx/timer_d.c"
 
Building file: "../driverlib/MSP430F5xx_6xx/timer_a.c"
Invoking: MSP430 Compiler
"C:/ti/ccs901/ccs/tools/compiler/ti-cgt-msp430_18.12.1.LTS/bin/cl430" -vmspx --data_model=restricted --use_hw_mpy=F5 --include_path="C:/ti/ccs901/ccs/ccs_base/msp430/include" --include_path="C:/Users/migeo/OneDrive - University of Waterloo/2B/ECE298/bike_radar/timer_a_ex1_pwmSingle" --include_path="C:/Users/migeo/OneDrive - University of Waterloo/2B/ECE298/bike_radar/timer_a_ex1_pwmSingle/driverlib/MSP430F5xx_6xx" --include_path="C:/ti/ccs901/ccs/tools/compiler/ti-cgt-msp430_18.12.1.LTS/include" --advice:power="none" --define=__MSP430F5529__ --define=DEPRECATED -g --printf_support=minimal --diag_warning=225 --diag_wrap=off --display_error_number --silicon_errata=CPU21 --silicon_errata=CPU22 --silicon_errata=CPU23 --silicon_errata=CPU40 --preproc_with_compile --preproc_dependency="driverlib/MSP430F5xx_6xx/timer_a.d_raw" --obj_directory="driverlib/MSP430F5xx_6xx"  "../driverlib/MSP430F5xx_6xx/timer_a.c"
Finished building: "../driverlib/MSP430F5xx_6xx/timer_a.c"
 
Building file: "../driverlib/MSP430F5xx_6xx/timer_b.c"
Invoking: MSP430 Compiler
"C:/ti/ccs901/ccs/tools/compiler/ti-cgt-msp430_18.12.1.LTS/bin/cl430" -vmspx --data_model=restricted --use_hw_mpy=F5 --include_path="C:/ti/ccs901/ccs/ccs_base/msp430/include" --include_path="C:/Users/migeo/OneDrive - University of Waterloo/2B/ECE298/bike_radar/timer_a_ex1_pwmSingle" --include_path="C:/Users/migeo/OneDrive - University of Waterloo/2B/ECE298/bike_radar/timer_a_ex1_pwmSingle/driverlib/MSP430F5xx_6xx" --include_path="C:/ti/ccs901/ccs/tools/compiler/ti-cgt-msp430_18.12.1.LTS/include" --advice:power="none" --define=__MSP430F5529__ --define=DEPRECATED -g --printf_support=minimal --diag_warning=225 --diag_wrap=off --display_error_number --silicon_errata=CPU21 --silicon_errata=CPU22 --silicon_errata=CPU23 --silicon_errata=CPU40 --preproc_with_compile --preproc_dependency="driverlib/MSP430F5xx_6xx/timer_b.d_raw" --obj_directory="driverlib/MSP430F5xx_6xx"  "../driverlib/MSP430F5xx_6xx/timer_b.c"
Finished building: "../driverlib/MSP430F5xx_6xx/timer_b.c"
 
Building file: "../driverlib/MSP430F5xx_6xx/tlv.c"
Invoking: MSP430 Compiler
"C:/ti/ccs901/ccs/tools/compiler/ti-cgt-msp430_18.12.1.LTS/bin/cl430" -vmspx --data_model=restricted --use_hw_mpy=F5 --include_path="C:/ti/ccs901/ccs/ccs_base/msp430/include" --include_path="C:/Users/migeo/OneDrive - University of Waterloo/2B/ECE298/bike_radar/timer_a_ex1_pwmSingle" --include_path="C:/Users/migeo/OneDrive - University of Waterloo/2B/ECE298/bike_radar/timer_a_ex1_pwmSingle/driverlib/MSP430F5xx_6xx" --include_path="C:/ti/ccs901/ccs/tools/compiler/ti-cgt-msp430_18.12.1.LTS/include" --advice:power="none" --define=__MSP430F5529__ --define=DEPRECATED -g --printf_support=minimal --diag_warning=225 --diag_wrap=off --display_error_number --silicon_errata=CPU21 --silicon_errata=CPU22 --silicon_errata=CPU23 --silicon_errata=CPU40 --preproc_with_compile --preproc_dependency="driverlib/MSP430F5xx_6xx/tlv.d_raw" --obj_directory="driverlib/MSP430F5xx_6xx"  "../driverlib/MSP430F5xx_6xx/tlv.c"
Finished building: "../driverlib/MSP430F5xx_6xx/tlv.c"
 
Building file: "../driverlib/MSP430F5xx_6xx/usci_a_spi.c"
Invoking: MSP430 Compiler
"C:/ti/ccs901/ccs/tools/compiler/ti-cgt-msp430_18.12.1.LTS/bin/cl430" -vmspx --data_model=restricted --use_hw_mpy=F5 --include_path="C:/ti/ccs901/ccs/ccs_base/msp430/include" --include_path="C:/Users/migeo/OneDrive - University of Waterloo/2B/ECE298/bike_radar/timer_a_ex1_pwmSingle" --include_path="C:/Users/migeo/OneDrive - University of Waterloo/2B/ECE298/bike_radar/timer_a_ex1_pwmSingle/driverlib/MSP430F5xx_6xx" --include_path="C:/ti/ccs901/ccs/tools/compiler/ti-cgt-msp430_18.12.1.LTS/include" --advice:power="none" --define=__MSP430F5529__ --define=DEPRECATED -g --printf_support=minimal --diag_warning=225 --diag_wrap=off --display_error_number --silicon_errata=CPU21 --silicon_errata=CPU22 --silicon_errata=CPU23 --silicon_errata=CPU40 --preproc_with_compile --preproc_dependency="driverlib/MSP430F5xx_6xx/usci_a_spi.d_raw" --obj_directory="driverlib/MSP430F5xx_6xx"  "../driverlib/MSP430F5xx_6xx/usci_a_spi.c"
Finished building: "../driverlib/MSP430F5xx_6xx/usci_a_spi.c"
 
Building file: "../driverlib/MSP430F5xx_6xx/usci_a_uart.c"
Invoking: MSP430 Compiler
"C:/ti/ccs901/ccs/tools/compiler/ti-cgt-msp430_18.12.1.LTS/bin/cl430" -vmspx --data_model=restricted --use_hw_mpy=F5 --include_path="C:/ti/ccs901/ccs/ccs_base/msp430/include" --include_path="C:/Users/migeo/OneDrive - University of Waterloo/2B/ECE298/bike_radar/timer_a_ex1_pwmSingle" --include_path="C:/Users/migeo/OneDrive - University of Waterloo/2B/ECE298/bike_radar/timer_a_ex1_pwmSingle/driverlib/MSP430F5xx_6xx" --include_path="C:/ti/ccs901/ccs/tools/compiler/ti-cgt-msp430_18.12.1.LTS/include" --advice:power="none" --define=__MSP430F5529__ --define=DEPRECATED -g --printf_support=minimal --diag_warning=225 --diag_wrap=off --display_error_number --silicon_errata=CPU21 --silicon_errata=CPU22 --silicon_errata=CPU23 --silicon_errata=CPU40 --preproc_with_compile --preproc_dependency="driverlib/MSP430F5xx_6xx/usci_a_uart.d_raw" --obj_directory="driverlib/MSP430F5xx_6xx"  "../driverlib/MSP430F5xx_6xx/usci_a_uart.c"
Finished building: "../driverlib/MSP430F5xx_6xx/usci_a_uart.c"
 
Building file: "../driverlib/MSP430F5xx_6xx/usci_b_spi.c"
Invoking: MSP430 Compiler
"C:/ti/ccs901/ccs/tools/compiler/ti-cgt-msp430_18.12.1.LTS/bin/cl430" -vmspx --data_model=restricted --use_hw_mpy=F5 --include_path="C:/ti/ccs901/ccs/ccs_base/msp430/include" --include_path="C:/Users/migeo/OneDrive - University of Waterloo/2B/ECE298/bike_radar/timer_a_ex1_pwmSingle" --include_path="C:/Users/migeo/OneDrive - University of Waterloo/2B/ECE298/bike_radar/timer_a_ex1_pwmSingle/driverlib/MSP430F5xx_6xx" --include_path="C:/ti/ccs901/ccs/tools/compiler/ti-cgt-msp430_18.12.1.LTS/include" --advice:power="none" --define=__MSP430F5529__ --define=DEPRECATED -g --printf_support=minimal --diag_warning=225 --diag_wrap=off --display_error_number --silicon_errata=CPU21 --silicon_errata=CPU22 --silicon_errata=CPU23 --silicon_errata=CPU40 --preproc_with_compile --preproc_dependency="driverlib/MSP430F5xx_6xx/usci_b_spi.d_raw" --obj_directory="driverlib/MSP430F5xx_6xx"  "../driverlib/MSP430F5xx_6xx/usci_b_spi.c"
Finished building: "../driverlib/MSP430F5xx_6xx/usci_b_spi.c"
 
Building file: "../driverlib/MSP430F5xx_6xx/ucs.c"
Invoking: MSP430 Compiler
"C:/ti/ccs901/ccs/tools/compiler/ti-cgt-msp430_18.12.1.LTS/bin/cl430" -vmspx --data_model=restricted --use_hw_mpy=F5 --include_path="C:/ti/ccs901/ccs/ccs_base/msp430/include" --include_path="C:/Users/migeo/OneDrive - University of Waterloo/2B/ECE298/bike_radar/timer_a_ex1_pwmSingle" --include_path="C:/Users/migeo/OneDrive - University of Waterloo/2B/ECE298/bike_radar/timer_a_ex1_pwmSingle/driverlib/MSP430F5xx_6xx" --include_path="C:/ti/ccs901/ccs/tools/compiler/ti-cgt-msp430_18.12.1.LTS/include" --advice:power="none" --define=__MSP430F5529__ --define=DEPRECATED -g --printf_support=minimal --diag_warning=225 --diag_wrap=off --display_error_number --silicon_errata=CPU21 --silicon_errata=CPU22 --silicon_errata=CPU23 --silicon_errata=CPU40 --preproc_with_compile --preproc_dependency="driverlib/MSP430F5xx_6xx/ucs.d_raw" --obj_directory="driverlib/MSP430F5xx_6xx"  "../driverlib/MSP430F5xx_6xx/ucs.c"
Finished building: "../driverlib/MSP430F5xx_6xx/ucs.c"
 
Building file: "../driverlib/MSP430F5xx_6xx/usci_b_i2c.c"
Invoking: MSP430 Compiler
"C:/ti/ccs901/ccs/tools/compiler/ti-cgt-msp430_18.12.1.LTS/bin/cl430" -vmspx --data_model=restricted --use_hw_mpy=F5 --include_path="C:/ti/ccs901/ccs/ccs_base/msp430/include" --include_path="C:/Users/migeo/OneDrive - University of Waterloo/2B/ECE298/bike_radar/timer_a_ex1_pwmSingle" --include_path="C:/Users/migeo/OneDrive - University of Waterloo/2B/ECE298/bike_radar/timer_a_ex1_pwmSingle/driverlib/MSP430F5xx_6xx" --include_path="C:/ti/ccs901/ccs/tools/compiler/ti-cgt-msp430_18.12.1.LTS/include" --advice:power="none" --define=__MSP430F5529__ --define=DEPRECATED -g --printf_support=minimal --diag_warning=225 --diag_wrap=off --display_error_number --silicon_errata=CPU21 --silicon_errata=CPU22 --silicon_errata=CPU23 --silicon_errata=CPU40 --preproc_with_compile --preproc_dependency="driverlib/MSP430F5xx_6xx/usci_b_i2c.d_raw" --obj_directory="driverlib/MSP430F5xx_6xx"  "../driverlib/MSP430F5xx_6xx/usci_b_i2c.c"
Finished building: "../driverlib/MSP430F5xx_6xx/usci_b_i2c.c"
 
Building file: "../driverlib/MSP430F5xx_6xx/wdt_a.c"
Invoking: MSP430 Compiler
"C:/ti/ccs901/ccs/tools/compiler/ti-cgt-msp430_18.12.1.LTS/bin/cl430" -vmspx --data_model=restricted --use_hw_mpy=F5 --include_path="C:/ti/ccs901/ccs/ccs_base/msp430/include" --include_path="C:/Users/migeo/OneDrive - University of Waterloo/2B/ECE298/bike_radar/timer_a_ex1_pwmSingle" --include_path="C:/Users/migeo/OneDrive - University of Waterloo/2B/ECE298/bike_radar/timer_a_ex1_pwmSingle/driverlib/MSP430F5xx_6xx" --include_path="C:/ti/ccs901/ccs/tools/compiler/ti-cgt-msp430_18.12.1.LTS/include" --advice:power="none" --define=__MSP430F5529__ --define=DEPRECATED -g --printf_support=minimal --diag_warning=225 --diag_wrap=off --display_error_number --silicon_errata=CPU21 --silicon_errata=CPU22 --silicon_errata=CPU23 --silicon_errata=CPU40 --preproc_with_compile --preproc_dependency="driverlib/MSP430F5xx_6xx/wdt_a.d_raw" --obj_directory="driverlib/MSP430F5xx_6xx"  "../driverlib/MSP430F5xx_6xx/wdt_a.c"
Finished building: "../driverlib/MSP430F5xx_6xx/wdt_a.c"
 
gmake: Target 'all' not remade because of errors.

**** Build Finished ****
